<?xml version="1.0" encoding="UTF-8"?>
<testsuite name="org.zerock.club.secutiry.ClubMemberTests" tests="1" skipped="0" failures="0" errors="0" timestamp="2022-06-07T04:29:28" hostname="DESKTOP-MTEI6UG" time="0.297">
  <properties/>
  <testcase name="testRead()" classname="org.zerock.club.secutiry.ClubMemberTests" time="0.297"/>
  <system-out><![CDATA[13:29:17.816 [Test worker] DEBUG org.springframework.test.context.BootstrapUtils - Instantiating CacheAwareContextLoaderDelegate from class [org.springframework.test.context.cache.DefaultCacheAwareContextLoaderDelegate]
13:29:17.836 [Test worker] DEBUG org.springframework.test.context.BootstrapUtils - Instantiating BootstrapContext using constructor [public org.springframework.test.context.support.DefaultBootstrapContext(java.lang.Class,org.springframework.test.context.CacheAwareContextLoaderDelegate)]
13:29:17.897 [Test worker] DEBUG org.springframework.test.context.BootstrapUtils - Instantiating TestContextBootstrapper for test class [org.zerock.club.secutiry.ClubMemberTests] from class [org.springframework.boot.test.context.SpringBootTestContextBootstrapper]
13:29:17.920 [Test worker] INFO org.springframework.boot.test.context.SpringBootTestContextBootstrapper - Neither @ContextConfiguration nor @ContextHierarchy found for test class [org.zerock.club.secutiry.ClubMemberTests], using SpringBootContextLoader
13:29:17.928 [Test worker] DEBUG org.springframework.test.context.support.AbstractContextLoader - Did not detect default resource location for test class [org.zerock.club.secutiry.ClubMemberTests]: class path resource [org/zerock/club/secutiry/ClubMemberTests-context.xml] does not exist
13:29:17.930 [Test worker] DEBUG org.springframework.test.context.support.AbstractContextLoader - Did not detect default resource location for test class [org.zerock.club.secutiry.ClubMemberTests]: class path resource [org/zerock/club/secutiry/ClubMemberTestsContext.groovy] does not exist
13:29:17.932 [Test worker] INFO org.springframework.test.context.support.AbstractContextLoader - Could not detect default resource locations for test class [org.zerock.club.secutiry.ClubMemberTests]: no resource found for suffixes {-context.xml, Context.groovy}.
13:29:17.934 [Test worker] INFO org.springframework.test.context.support.AnnotationConfigContextLoaderUtils - Could not detect default configuration classes for test class [org.zerock.club.secutiry.ClubMemberTests]: ClubMemberTests does not declare any static, non-private, non-final, nested classes annotated with @Configuration.
13:29:18.022 [Test worker] DEBUG org.springframework.test.context.support.ActiveProfilesUtils - Could not find an 'annotation declaring class' for annotation type [org.springframework.test.context.ActiveProfiles] and class [org.zerock.club.secutiry.ClubMemberTests]
13:29:18.137 [Test worker] DEBUG org.springframework.context.annotation.ClassPathScanningCandidateComponentProvider - Identified candidate component class: file [C:\spring_workspace\club\build\classes\java\main\org\zerock\club\ClubApplication.class]
13:29:18.142 [Test worker] INFO org.springframework.boot.test.context.SpringBootTestContextBootstrapper - Found @SpringBootConfiguration org.zerock.club.ClubApplication for test class org.zerock.club.secutiry.ClubMemberTests
13:29:18.330 [Test worker] DEBUG org.springframework.boot.test.context.SpringBootTestContextBootstrapper - @TestExecutionListeners is not present for class [org.zerock.club.secutiry.ClubMemberTests]: using defaults.
13:29:18.331 [Test worker] INFO org.springframework.boot.test.context.SpringBootTestContextBootstrapper - Loaded default TestExecutionListener class names from location [META-INF/spring.factories]: [org.springframework.security.test.context.support.WithSecurityContextTestExecutionListener, org.springframework.security.test.context.support.ReactorContextTestExecutionListener, org.springframework.boot.test.autoconfigure.restdocs.RestDocsTestExecutionListener, org.springframework.boot.test.autoconfigure.web.client.MockRestServiceServerResetTestExecutionListener, org.springframework.boot.test.autoconfigure.web.servlet.MockMvcPrintOnlyOnFailureTestExecutionListener, org.springframework.boot.test.autoconfigure.web.servlet.WebDriverTestExecutionListener, org.springframework.boot.test.autoconfigure.webservices.client.MockWebServiceServerTestExecutionListener, org.springframework.boot.test.mock.mockito.MockitoTestExecutionListener, org.springframework.boot.test.mock.mockito.ResetMocksTestExecutionListener, org.springframework.test.context.web.ServletTestExecutionListener, org.springframework.test.context.support.DirtiesContextBeforeModesTestExecutionListener, org.springframework.test.context.event.ApplicationEventsTestExecutionListener, org.springframework.test.context.support.DependencyInjectionTestExecutionListener, org.springframework.test.context.support.DirtiesContextTestExecutionListener, org.springframework.test.context.transaction.TransactionalTestExecutionListener, org.springframework.test.context.jdbc.SqlScriptsTestExecutionListener, org.springframework.test.context.event.EventPublishingTestExecutionListener]
13:29:18.371 [Test worker] INFO org.springframework.boot.test.context.SpringBootTestContextBootstrapper - Using TestExecutionListeners: [org.springframework.test.context.web.ServletTestExecutionListener@6a175569, org.springframework.test.context.support.DirtiesContextBeforeModesTestExecutionListener@11963225, org.springframework.test.context.event.ApplicationEventsTestExecutionListener@3f3c966c, org.springframework.boot.test.mock.mockito.MockitoTestExecutionListener@11ee02f8, org.springframework.boot.test.autoconfigure.SpringBootDependencyInjectionTestExecutionListener@4102b1b1, org.springframework.test.context.support.DirtiesContextTestExecutionListener@61a5b4ae, org.springframework.test.context.transaction.TransactionalTestExecutionListener@3a71c100, org.springframework.test.context.jdbc.SqlScriptsTestExecutionListener@5b69fd74, org.springframework.security.test.context.support.WithSecurityContextTestExecutionListener@f325091, org.springframework.test.context.event.EventPublishingTestExecutionListener@437e951d, org.springframework.security.test.context.support.ReactorContextTestExecutionListener@77b325b3, org.springframework.boot.test.autoconfigure.restdocs.RestDocsTestExecutionListener@63a5e46c, org.springframework.boot.test.autoconfigure.web.client.MockRestServiceServerResetTestExecutionListener@7e8e8651, org.springframework.boot.test.autoconfigure.web.servlet.MockMvcPrintOnlyOnFailureTestExecutionListener@49ef32e0, org.springframework.boot.test.autoconfigure.web.servlet.WebDriverTestExecutionListener@271f18d3, org.springframework.boot.test.autoconfigure.webservices.client.MockWebServiceServerTestExecutionListener@6bd51ed8, org.springframework.boot.test.mock.mockito.ResetMocksTestExecutionListener@61e3a1fd]
13:29:18.382 [Test worker] DEBUG org.springframework.test.context.support.AbstractDirtiesContextTestExecutionListener - Before test class: context [DefaultTestContext@1c05a54d testClass = ClubMemberTests, testInstance = [null], testMethod = [null], testException = [null], mergedContextConfiguration = [WebMergedContextConfiguration@65ef722a testClass = ClubMemberTests, locations = '{}', classes = '{class org.zerock.club.ClubApplication}', contextInitializerClasses = '[]', activeProfiles = '{}', propertySourceLocations = '{}', propertySourceProperties = '{org.springframework.boot.test.context.SpringBootTestContextBootstrapper=true}', contextCustomizers = set[org.springframework.boot.test.autoconfigure.actuate.metrics.MetricsExportContextCustomizerFactory$DisableMetricExportContextCustomizer@2fea7088, org.springframework.boot.test.autoconfigure.properties.PropertyMappingContextCustomizer@0, org.springframework.boot.test.autoconfigure.web.servlet.WebDriverContextCustomizerFactory$Customizer@13e3c1c7, org.springframework.boot.test.context.filter.ExcludeFilterContextCustomizer@5b40ceb, org.springframework.boot.test.json.DuplicateJsonObjectContextCustomizerFactory$DuplicateJsonObjectContextCustomizer@36546a22, org.springframework.boot.test.mock.mockito.MockitoContextCustomizer@0, org.springframework.boot.test.web.client.TestRestTemplateContextCustomizer@636e8cc, org.springframework.boot.test.context.SpringBootTestArgs@1, org.springframework.boot.test.context.SpringBootTestWebEnvironment@6f8e8894], resourceBasePath = 'src/main/webapp', contextLoader = 'org.springframework.boot.test.context.SpringBootContextLoader', parent = [null]], attributes = map['org.springframework.test.context.web.ServletTestExecutionListener.activateListener' -> true]], class annotated with @DirtiesContext [false] with mode [null].

  .   ____          _            __ _ _
 /\\ / ___'_ __ _ _(_)_ __  __ _ \ \ \ \
( ( )\___ | '_ | '_| | '_ \/ _` | \ \ \ \
 \\/  ___)| |_)| | | | | || (_| |  ) ) ) )
  '  |____| .__|_| |_|_| |_\__, | / / / /
 =========|_|==============|___/=/_/_/_/
 :: Spring Boot ::                (v2.7.0)

2022-06-07 13:29:19.124  INFO 6140 --- [    Test worker] o.zerock.club.secutiry.ClubMemberTests   : Starting ClubMemberTests using Java 11.0.14 on DESKTOP-MTEI6UG with PID 6140 (started by user in C:\spring_workspace\club)
2022-06-07 13:29:19.125 DEBUG 6140 --- [    Test worker] o.zerock.club.secutiry.ClubMemberTests   : Running with Spring Boot v2.7.0, Spring v5.3.20
2022-06-07 13:29:19.126  INFO 6140 --- [    Test worker] o.zerock.club.secutiry.ClubMemberTests   : No active profile set, falling back to 1 default profile: "default"
2022-06-07 13:29:20.582  INFO 6140 --- [    Test worker] .s.d.r.c.RepositoryConfigurationDelegate : Bootstrapping Spring Data JPA repositories in DEFAULT mode.
2022-06-07 13:29:20.717  INFO 6140 --- [    Test worker] .s.d.r.c.RepositoryConfigurationDelegate : Finished Spring Data repository scanning in 117 ms. Found 1 JPA repository interfaces.
2022-06-07 13:29:22.103  INFO 6140 --- [    Test worker] o.hibernate.jpa.internal.util.LogHelper  : HHH000204: Processing PersistenceUnitInfo [name: default]
2022-06-07 13:29:22.256  INFO 6140 --- [    Test worker] org.hibernate.Version                    : HHH000412: Hibernate ORM core version 5.6.9.Final
2022-06-07 13:29:22.690  INFO 6140 --- [    Test worker] o.hibernate.annotations.common.Version   : HCANN000001: Hibernate Commons Annotations {5.1.2.Final}
2022-06-07 13:29:23.050  INFO 6140 --- [    Test worker] com.zaxxer.hikari.HikariDataSource       : HikariPool-1 - Starting...
2022-06-07 13:29:23.218  INFO 6140 --- [    Test worker] com.zaxxer.hikari.HikariDataSource       : HikariPool-1 - Start completed.
2022-06-07 13:29:23.329  INFO 6140 --- [    Test worker] org.hibernate.dialect.Dialect            : HHH000400: Using dialect: org.hibernate.dialect.MariaDB103Dialect
2022-06-07 13:29:24.927  INFO 6140 --- [    Test worker] o.h.e.t.j.p.i.JtaPlatformInitiator       : HHH000490: Using JtaPlatform implementation: [org.hibernate.engine.transaction.jta.platform.internal.NoJtaPlatform]
2022-06-07 13:29:24.946  INFO 6140 --- [    Test worker] j.LocalContainerEntityManagerFactoryBean : Initialized JPA EntityManagerFactory for persistence unit 'default'
2022-06-07 13:29:25.100  WARN 6140 --- [    Test worker] JpaBaseConfiguration$JpaWebConfiguration : spring.jpa.open-in-view is enabled by default. Therefore, database queries may be performed during view rendering. Explicitly configure spring.jpa.open-in-view to disable this warning
2022-06-07 13:29:27.973 DEBUG 6140 --- [    Test worker] edFilterInvocationSecurityMetadataSource : Adding web access control expression [permitAll] for Ant [pattern='/sample/all']
2022-06-07 13:29:28.014 DEBUG 6140 --- [    Test worker] edFilterInvocationSecurityMetadataSource : Adding web access control expression [hasRole('ROLE_USER')] for Ant [pattern='/sample/member']
2022-06-07 13:29:28.033 TRACE 6140 --- [    Test worker] o.s.s.w.a.i.FilterSecurityInterceptor    : Validated configuration attributes
2022-06-07 13:29:28.035 TRACE 6140 --- [    Test worker] o.s.s.w.a.i.FilterSecurityInterceptor    : Validated configuration attributes
2022-06-07 13:29:28.064  INFO 6140 --- [    Test worker] o.s.s.web.DefaultSecurityFilterChain     : Will secure any request with [org.springframework.security.web.session.DisableEncodeUrlFilter@47d0195b, org.springframework.security.web.context.request.async.WebAsyncManagerIntegrationFilter@6de2344a, org.springframework.security.web.context.SecurityContextPersistenceFilter@c7d173f, org.springframework.security.web.header.HeaderWriterFilter@638e8194, org.springframework.security.web.authentication.logout.LogoutFilter@ae5d544, org.springframework.security.web.authentication.UsernamePasswordAuthenticationFilter@44a7661d, org.springframework.security.web.authentication.ui.DefaultLoginPageGeneratingFilter@5ff8d76f, org.springframework.security.web.authentication.ui.DefaultLogoutPageGeneratingFilter@577dac16, org.springframework.security.web.savedrequest.RequestCacheAwareFilter@344acc03, org.springframework.security.web.servletapi.SecurityContextHolderAwareRequestFilter@3ef04239, org.springframework.security.web.authentication.AnonymousAuthenticationFilter@18ed9480, org.springframework.security.web.session.SessionManagementFilter@188532da, org.springframework.security.web.access.ExceptionTranslationFilter@6f53295e, org.springframework.security.web.access.intercept.FilterSecurityInterceptor@34e7cde3]
2022-06-07 13:29:28.219  INFO 6140 --- [    Test worker] o.zerock.club.secutiry.ClubMemberTests   : Started ClubMemberTests in 9.749 seconds (JVM running for 12.033)
Hibernate: 
    select
        clubmember0_.email as email1_0_,
        clubmember0_.moddate as moddate2_0_,
        clubmember0_.regdate as regdate3_0_,
        clubmember0_.from_social as from_soc4_0_,
        clubmember0_.name as name5_0_,
        clubmember0_.password as password6_0_,
        roleset1_.club_member_email as club_mem1_1_0__,
        roleset1_.role_set as role_set2_1_0__ 
    from
        club_member clubmember0_ 
    left outer join
        club_member_role_set roleset1_ 
            on clubmember0_.email=roleset1_.club_member_email 
    where
        clubmember0_.from_social=? 
        and clubmember0_.email=?
ClubMember(email=user95@zerock.org, password=$2a$10$wHLQfM91JsL8ojivcKpmdeIt1AoIlNWqaRvYq71lyU8W0bxftXbS., name=사용자95, fromSocial=false, roleSet=[MANAGER, ADMIN, USER])
]]></system-out>
  <system-err><![CDATA[]]></system-err>
</testsuite>
